0 info it worked if it ends with ok
1 verbose cli [ 'I:\\Program Files\\NodeJS\\\\node.exe',
1 verbose cli   'I:\\Program Files\\NodeJS\\node_modules\\npm\\bin\\npm-cli.js',
1 verbose cli   'init' ]
2 info using npm@1.4.28
3 info using node@v0.10.32
4 verbose node symlink I:\Program Files\NodeJS\\node.exe
5 silly package data undefined
6 info init written successfully
7 error Error: Invalid name: "Personal Webpage"
7 error     at ensureValidName (I:\Program Files\NodeJS\node_modules\npm\node_modules\read-package-json\node_modules\normalize-package-data\lib\fixer.js:315:15)
7 error     at Object.module.exports.fixNameField (I:\Program Files\NodeJS\node_modules\npm\node_modules\read-package-json\node_modules\normalize-package-data\lib\fixer.js:204:5)
7 error     at I:\Program Files\NodeJS\node_modules\npm\node_modules\read-package-json\node_modules\normalize-package-data\lib\normalize.js:30:38
7 error     at Array.forEach (native)
7 error     at normalize (I:\Program Files\NodeJS\node_modules\npm\node_modules\read-package-json\node_modules\normalize-package-data\lib\normalize.js:29:15)
7 error     at final (I:\Program Files\NodeJS\node_modules\npm\node_modules\read-package-json\read-json.js:342:33)
7 error     at then (I:\Program Files\NodeJS\node_modules\npm\node_modules\read-package-json\read-json.js:126:33)
7 error     at I:\Program Files\NodeJS\node_modules\npm\node_modules\read-package-json\read-json.js:331:40
7 error     at evalmachine.<anonymous>:271:14
7 error     at I:\Program Files\NodeJS\node_modules\npm\node_modules\graceful-fs\graceful-fs.js:102:5
8 error If you need help, you may report this *entire* log,
8 error including the npm and node versions, at:
8 error     <http://github.com/npm/npm/issues>
9 error System Windows_NT 6.2.9200
10 error command "I:\\Program Files\\NodeJS\\\\node.exe" "I:\\Program Files\\NodeJS\\node_modules\\npm\\bin\\npm-cli.js" "init"
11 error cwd C:\Users\Patrick\Web Development\NodeApps
12 error node -v v0.10.32
13 error npm -v 1.4.28
14 verbose exit [ 1, true ]
